{"numTotalTestSuites":13,"numPassedTestSuites":10,"numFailedTestSuites":3,"numPendingTestSuites":0,"numTotalTests":23,"numPassedTests":21,"numFailedTests":2,"numPendingTests":0,"numTodoTests":0,"startTime":1755461133483,"success":false,"testResults":[{"assertionResults":[],"startTime":1755461133483,"endTime":1755461133483,"status":"failed","message":"Playwright Test did not expect test() to be called here.\nMost common reasons include:\n- You are calling test() in a configuration file.\n- You are calling test() in a file that is imported by the configuration file.\n- You have two different versions of @playwright/test. This usually happens\n  when one of the dependencies in your package.json depends on @playwright/test.","name":"D:/Repos/UrbanAI/src/UrbanAI.Frontend/src/__tests__/landingPage.test.ts"},{"assertionResults":[],"startTime":1755461133483,"endTime":1755461133483,"status":"failed","message":"Playwright Test did not expect test.describe() to be called here.\nMost common reasons include:\n- You are calling test.describe() in a configuration file.\n- You are calling test.describe() in a file that is imported by the configuration file.\n- You have two different versions of @playwright/test. This usually happens\n  when one of the dependencies in your package.json depends on @playwright/test.","name":"D:/Repos/UrbanAI/src/UrbanAI.Frontend/tests/e2e/oauth-flow.spec.ts"},{"assertionResults":[],"startTime":1755461133483,"endTime":1755461133483,"status":"failed","message":"Playwright Test did not expect test.describe() to be called here.\nMost common reasons include:\n- You are calling test.describe() in a configuration file.\n- You are calling test.describe() in a file that is imported by the configuration file.\n- You have two different versions of @playwright/test. This usually happens\n  when one of the dependencies in your package.json depends on @playwright/test.","name":"D:/Repos/UrbanAI/src/UrbanAI.Frontend/tests/e2e/ux-flow.spec.ts"},{"assertionResults":[{"ancestorTitles":["","LegalAgreementModal"],"fullName":" LegalAgreementModal renders when open is true","status":"passed","title":"renders when open is true","duration":132,"failureMessages":[]},{"ancestorTitles":["","LegalAgreementModal"],"fullName":" LegalAgreementModal does not render when open is false","status":"passed","title":"does not render when open is false","duration":6,"failureMessages":[]},{"ancestorTitles":["","LegalAgreementModal"],"fullName":" LegalAgreementModal calls onAccept when Accept button is clicked","status":"passed","title":"calls onAccept when Accept button is clicked","duration":186,"failureMessages":[]},{"ancestorTitles":["","LegalAgreementModal"],"fullName":" LegalAgreementModal calls onDecline when Cancel button is clicked","status":"passed","title":"calls onDecline when Cancel button is clicked","duration":96,"failureMessages":[]},{"ancestorTitles":["","LegalAgreementModal"],"fullName":" LegalAgreementModal displays privacy policy content","status":"passed","title":"displays privacy policy content","duration":39,"failureMessages":[]},{"ancestorTitles":["","LegalAgreementModal"],"fullName":" LegalAgreementModal has proper ARIA attributes for accessibility","status":"passed","title":"has proper ARIA attributes for accessibility","duration":48,"failureMessages":[]},{"ancestorTitles":["","LegalAgreementModal"],"fullName":" LegalAgreementModal supports keyboard navigation","status":"passed","title":"supports keyboard navigation","duration":142,"failureMessages":[]},{"ancestorTitles":["","LegalAgreementModal"],"fullName":" LegalAgreementModal displays provider-specific content","status":"passed","title":"displays provider-specific content","duration":9,"failureMessages":[]}],"startTime":1755461136317,"endTime":1755461136975,"status":"passed","message":"","name":"D:/Repos/UrbanAI/src/UrbanAI.Frontend/src/components/__tests__/LegalAgreementModal.test.tsx"},{"assertionResults":[{"ancestorTitles":["","OAuthLoginPage"],"fullName":" OAuthLoginPage renders OAuth login buttons","status":"passed","title":"renders OAuth login buttons","duration":119,"failureMessages":[]},{"ancestorTitles":["","OAuthLoginPage"],"fullName":" OAuthLoginPage shows legal agreement modal when OAuth button is clicked","status":"passed","title":"shows legal agreement modal when OAuth button is clicked","duration":212,"failureMessages":[]},{"ancestorTitles":["","OAuthLoginPage"],"fullName":" OAuthLoginPage handles legal agreement acceptance","status":"passed","title":"handles legal agreement acceptance","duration":249,"failureMessages":[]},{"ancestorTitles":["","OAuthLoginPage"],"fullName":" OAuthLoginPage handles legal agreement decline","status":"passed","title":"handles legal agreement decline","duration":203,"failureMessages":[]},{"ancestorTitles":["","OAuthLoginPage"],"fullName":" OAuthLoginPage displays UrbanAI branding","status":"passed","title":"displays UrbanAI branding","duration":25,"failureMessages":[]},{"ancestorTitles":["","OAuthLoginPage"],"fullName":" OAuthLoginPage has accessible form elements","status":"passed","title":"has accessible form elements","duration":343,"failureMessages":[]},{"ancestorTitles":["","OAuthLoginPage"],"fullName":" OAuthLoginPage handles keyboard navigation","status":"failed","title":"handles keyboard navigation","duration":78,"failureMessages":["\u001b[2mexpect(\u001b[22m\u001b[31melement\u001b[39m\u001b[2m).toHaveFocus()\u001b[22m\n\nExpected element with focus:\n  \u001b[32m<button\n  aria-label=\"Continue with Google\"\n  class=\"oauth-btn oauth-btn--google\"\n>\n  <div\n    class=\"oauth-icon\"\n  >\n    🔵\n  </div>\n  Continue with Google\n</button>\u001b[39m\nReceived element with focus:\n  \u001b[31m<button\n  class=\"user-type-card \"\n>\n  <svg\n    class=\"user-type-icon\"\n    fill=\"none\"\n    height=\"24\"\n    stroke=\"currentColor\"\n    stroke-linecap=\"round\"\n    stroke-linejoin=\"round\"\n    stroke-width=\"2\"\n    style=\"color: rgb(5, 150, 105);\"\n    viewBox=\"0 0 24 24\"\n    width=\"24\"\n    xmlns=\"http://www.w3.org/2000/svg\"\n  >\n    <path\n      d=\"M16 21v-2a4 4 0 0 0-4-4H6a4 4 0 0 0-4 4v2\"\n    />\n    <circle\n      cx=\"9\"\n      cy=\"7\"\n      r=\"4\"\n    />\n    <path\n      d=\"M22 21v-2a4 4 0 0 0-3-3.87\"\n    />\n    <path\n      d=\"M16 3.13a4 4 0 0 1 0 7.75\"\n    />\n  </svg>\n  <h3>\n    Citizens\n  </h3>\n  <p>\n    Report issues in your community\n  </p>\n</button>\u001b[39m"],"location":{"line":102,"column":54}},{"ancestorTitles":["","OAuthLoginPage"],"fullName":" OAuthLoginPage triggers OAuth flow for each provider","status":"passed","title":"triggers OAuth flow for each provider","duration":190,"failureMessages":[]}],"startTime":1755461137104,"endTime":1755461138523,"status":"failed","message":"","name":"D:/Repos/UrbanAI/src/UrbanAI.Frontend/src/components/__tests__/OAuthLoginPage.test.tsx"},{"assertionResults":[{"ancestorTitles":["","API Configuration","API_CONFIG"],"fullName":" API Configuration API_CONFIG should have default values for development","status":"passed","title":"should have default values for development","duration":3,"failureMessages":[]},{"ancestorTitles":["","API Configuration","API_CONFIG"],"fullName":" API Configuration API_CONFIG should use environment variables when available","status":"passed","title":"should use environment variables when available","duration":4,"failureMessages":[]},{"ancestorTitles":["","API Configuration","APP_CONFIG"],"fullName":" API Configuration APP_CONFIG should detect development environment","status":"failed","title":"should detect development environment","duration":10,"failureMessages":["expected false to be true // Object.is equality"],"location":{"line":38,"column":32}},{"ancestorTitles":["","API Configuration","URL Building"],"fullName":" API Configuration URL Building should build API URLs correctly","status":"passed","title":"should build API URLs correctly","duration":0,"failureMessages":[]},{"ancestorTitles":["","API Configuration","URL Building"],"fullName":" API Configuration URL Building should handle leading slashes in endpoints","status":"passed","title":"should handle leading slashes in endpoints","duration":1,"failureMessages":[]},{"ancestorTitles":["","API Configuration","URL Building"],"fullName":" API Configuration URL Building should build OAuth URLs correctly","status":"passed","title":"should build OAuth URLs correctly","duration":0,"failureMessages":[]},{"ancestorTitles":["","API Configuration","Configuration Validation"],"fullName":" API Configuration Configuration Validation should validate configuration correctly","status":"passed","title":"should validate configuration correctly","duration":1,"failureMessages":[]}],"startTime":1755461135774,"endTime":1755461135794,"status":"failed","message":"","name":"D:/Repos/UrbanAI/src/UrbanAI.Frontend/src/config/__tests__/api.test.ts"}]}
